<?xml version="1.0" encoding="UTF-8"?>
<!-- Generated by org.testng.reporters.JUnitReportReporter -->
<testsuite hostname="LAPTOP-US4V5RLR" failures="0" tests="11" name="stringcal.TestCal" time="0.039" errors="0" timestamp="2022-09-04T16:44:49 IST" skipped="0">
  <testcase classname="stringcal.TestCal" name="testStringHasUnknownNumbers" time="0.002"/>
  <system-out/>
  <testcase classname="stringcal.TestCal" name="testNumberIsEmptySpace" time="0.018"/>
  <system-out/>
  <testcase classname="stringcal.TestCal" name="testNumberWithDifferentDelimiter" time="0.003"/>
  <system-out/>
  <testcase classname="stringcal.TestCal" name="testNumberWithDifferentDelimiterNewLine" time="0.002"/>
  <system-out/>
  <testcase classname="stringcal.TestCal" name="testStringHasTwoNumber" time="0.001"/>
  <system-out/>
  <testcase classname="stringcal.TestCal" name="testNumberWithEvenIndicesSum" time="0.004"/>
  <system-out/>
  <testcase classname="stringcal.TestCal" name="testStringHasAlphabets" time="0.002"/>
  <system-out/>
  <testcase classname="stringcal.TestCal" name="testStringNumberIsBiggerThanThousand" time="0.002"/>
  <system-out/>
  <testcase classname="stringcal.TestCal" name="testNumberWithMulitpleLengthDelimiter" time="0.002"/>
  <system-out/>
  <testcase classname="stringcal.TestCal" name="testNumberWithOddIndicesSum" time="0.002"/>
  <system-out/>
  <testcase classname="stringcal.TestCal" name="testStringHasOneNumber" time="0.001"/>
  <system-out/>
</testsuite> <!-- stringcal.TestCal -->
